\BOOKMARK [1][-]{section.0.1}{\376\377\000I\000n\000t\000r\000o\000d\000u\000z\000i\000o\000n\000e}{}% 1
\BOOKMARK [1][-]{section.0.2}{\376\377\000D\000e\000e\000p\000\040\000L\000e\000a\000r\000n\000i\000n\000g\000\040\0001\0000\0001}{}% 2
\BOOKMARK [2][-]{subsection.0.2.1}{\376\377\000A\000r\000c\000h\000i\000t\000e\000t\000t\000u\000r\000e\000\040\000e\000\040\000s\000t\000r\000u\000m\000e\000n\000t\000i\000\040\000n\000e\000l\000\040\000d\000e\000e\000p\000\040\000l\000e\000a\000r\000n\000i\000n\000g}{section.0.2}% 3
\BOOKMARK [2][-]{subsection.0.2.2}{\376\377\000L\000i\000b\000r\000i\000\040\000u\000t\000i\000l\000i}{section.0.2}% 4
\BOOKMARK [2][-]{subsection.0.2.3}{\376\377\000S\000t\000r\000u\000m\000e\000n\000t\000i\000\040\000c\000h\000e\000\040\000u\000s\000e\000r\000e\000m\000o}{section.0.2}% 5
\BOOKMARK [2][-]{subsection.0.2.4}{\376\377\000S\000c\000h\000e\000m\000a\000\040\000g\000e\000n\000e\000r\000a\000l\000e\000\040\000d\000i\000\040\000u\000n\000\040\000p\000r\000o\000b\000l\000e\000m\000a\000\040\000d\000i\000\040\000d\000e\000e\000p\000\040\000l\000e\000a\000r\000n\000i\000n\000g}{section.0.2}% 6
\BOOKMARK [2][-]{subsection.0.2.5}{\376\377\000P\000e\000r\000c\000h\000\351\000\040\000s\000i\000\040\000u\000s\000a\000\040\000i\000l\000\040\000t\000e\000r\000m\000i\000n\000e\000\040\000"\000T\000e\000n\000s\000o\000r\000e\000"\000?}{section.0.2}% 7
\BOOKMARK [2][-]{subsection.0.2.6}{\376\377\000A\000I\000\040\000v\000s\000\040\000D\000L}{section.0.2}% 8
\BOOKMARK [1][-]{section.0.3}{\376\377\000I\000n\000t\000r\000o\000d\000u\000z\000i\000o\000n\000e\000\040\000a\000l\000l\000e\000\040\000R\000e\000t\000i\000\040\000N\000e\000u\000r\000a\000l\000i}{}% 9
\BOOKMARK [2][-]{subsection.0.3.1}{\376\377\000I\000l\000\040\000m\000o\000d\000e\000l\000l\000o\000\040\000d\000i\000\040\000M\000c\000C\000u\000l\000l\000o\000c\000h\000-\000P\000i\000t\000t\000s}{section.0.3}% 10
\BOOKMARK [2][-]{subsection.0.3.2}{\376\377\000M\000o\000d\000e\000l\000l\000o\000\040\000d\000i\000\040\000R\000o\000s\000e\000n\000b\000l\000a\000t\000t}{section.0.3}% 11
\BOOKMARK [2][-]{subsection.0.3.3}{\376\377\000E\000s\000e\000m\000p\000i\000o\000\040\000c\000o\000n\000\040\0002\000\040\000n\000e\000u\000r\000o\000n\000i}{section.0.3}% 12
\BOOKMARK [2][-]{subsection.0.3.4}{\376\377\000R\000a\000p\000p\000r\000e\000s\000e\000n\000t\000a\000z\000i\000o\000n\000e\000\040\000l\000e\000\040\000f\000u\000n\000z\000i\000o\000n\000i\000\040\000l\000o\000g\000i\000c\000h\000e}{section.0.3}% 13
\BOOKMARK [2][-]{subsection.0.3.5}{\376\377\000G\000l\000i\000\040\000i\000n\000g\000r\000e\000d\000i\000e\000n\000t\000i\000\040\000d\000i\000\040\000u\000n\000a\000\040\000r\000e\000t\000e\000\040\000n\000e\000u\000r\000a\000l\000e}{section.0.3}% 14
\BOOKMARK [2][-]{subsection.0.3.6}{\376\377\000L\000'\000o\000t\000t\000i\000m\000i\000z\000z\000a\000t\000o\000r\000e\000\040\000o}{section.0.3}% 15
\BOOKMARK [1][-]{section.0.4}{\376\377\000C\000l\000a\000s\000s\000i\000f\000i\000c\000a\000z\000i\000o\000n\000e\000\040\000B\000i\000n\000a\000r\000i\000a}{}% 16
\BOOKMARK [2][-]{subsection.0.4.1}{\376\377\000C\000a\000r\000i\000c\000a\000m\000e\000n\000t\000o\000\040\000e\000\040\000g\000e\000s\000t\000i\000o\000n\000e\000\040\000d\000e\000l\000\040\000D\000a\000t\000a\000s\000e\000t}{section.0.4}% 17
\BOOKMARK [2][-]{subsection.0.4.2}{\376\377\000D\000e\000f\000i\000n\000i\000z\000i\000o\000n\000e\000\040\000d\000e\000l\000l\000a\000\040\000R\000e\000t\000e\000\040\000N\000e\000u\000r\000a\000l\000e}{section.0.4}% 18
\BOOKMARK [2][-]{subsection.0.4.3}{\376\377\000P\000l\000o\000t\000t\000i\000n\000g\000\040\000d\000e\000l\000\040\000m\000o\000d\000e\000l\000l\000o}{section.0.4}% 19
\BOOKMARK [2][-]{subsection.0.4.4}{\376\377\000T\000r\000a\000i\000n\000i\000n\000g\000\040\000d\000e\000l\000\040\000m\000o\000d\000e\000l\000l\000o\000\040\000e\000\040\000v\000a\000l\000u\000t\000a\000z\000i\000o\000n\000e}{section.0.4}% 20
\BOOKMARK [2][-]{subsection.0.4.5}{\376\377\000P\000r\000e\000d\000i\000c\000t\000i\000o\000n}{section.0.4}% 21
\BOOKMARK [2][-]{subsection.0.4.6}{\376\377\000C\000o\000m\000e\000\040\000r\000i\000s\000o\000l\000v\000e\000r\000e\000\040\000p\000r\000o\000b\000l\000e\000m\000i\000\040\000d\000i\000\040\000a\000c\000c\000u\000r\000a\000c\000y\000\040\000b\000a\000s\000s\000a\000?}{section.0.4}% 22
\BOOKMARK [2][-]{subsection.0.4.7}{\376\377\000E\000a\000r\000l\000y\000\040\000S\000t\000o\000p\000p\000i\000n\000g}{section.0.4}% 23
\BOOKMARK [1][-]{section.0.5}{\376\377\000C\000l\000a\000s\000s\000i\000f\000i\000c\000a\000z\000i\000o\000n\000e\000\040\000M\000u\000l\000t\000i\000c\000l\000a\000s\000s\000e}{}% 24
\BOOKMARK [2][-]{subsection.0.5.1}{\376\377\000D\000e\000s\000c\000r\000i\000z\000i\000o\000n\000e\000\040\000d\000e\000l\000\040\000d\000a\000t\000a\000s\000e\000t\000\040\000-\000\040\000R\000e\000u\000t\000e\000r\000s}{section.0.5}% 25
\BOOKMARK [1][-]{section.0.6}{\376\377\000L\000a\000b\000:\000\040\000I\000n\000t\000r\000o\000d\000u\000z\000i\000o\000n\000e\000\040\000P\000y\000t\000h\000o\000n}{}% 26
\BOOKMARK [2][-]{subsection.0.6.1}{\376\377\000M\000a\000t\000P\000l\000o\000t\000L\000i\000b}{section.0.6}% 27
\BOOKMARK [2][-]{subsection.0.6.2}{\376\377\000N\000u\000m\000P\000y}{section.0.6}% 28
