\BOOKMARK [1][-]{section.1}{\376\377\000I\000n\000t\000r\000o\000d\000u\000z\000i\000o\000n\000e}{}% 1
\BOOKMARK [1][-]{section.2}{\376\377\000C\000o\000s\000'\000\350\000\040\000l\000a\000\040\000G\000a\000m\000e\000\040\000T\000h\000e\000o\000r\000y\000\040\000|\000\040\000T\000e\000o\000r\000i\000a\000\040\000d\000e\000i\000\040\000g\000i\000o\000c\000h\000i}{}% 2
\BOOKMARK [2][-]{subsection.2.1}{\376\377\000E\000\040\000c\000o\000s\000a\000\040\000s\000i\000g\000n\000i\000f\000i\000c\000a\000\040\000A\000l\000g\000o\000r\000i\000t\000h\000m\000i\000c\000\040\000G\000a\000m\000e\000\040\000T\000h\000e\000o\000r\000y\000?}{section.2}% 3
\BOOKMARK [2][-]{subsection.2.2}{\376\377\000C\000o\000a\000l\000i\000t\000i\000o\000n\000\040\000G\000a\000m\000e\000s}{section.2}% 4
\BOOKMARK [2][-]{subsection.2.3}{\376\377\000N\000o\000n\000-\000C\000o\000o\000p\000e\000r\000a\000t\000i\000v\000e\000\040\000G\000a\000m\000e\000s}{section.2}% 5
\BOOKMARK [2][-]{subsection.2.4}{\376\377\000T\000r\000e\000e\000\040\000D\000e\000c\000o\000m\000p\000o\000s\000i\000t\000i\000o\000n}{section.2}% 6
\BOOKMARK [2][-]{subsection.2.5}{\376\377\000C\000o\000m\000p\000u\000t\000a\000t\000i\000o\000n\000a\000l\000\040\000S\000o\000c\000i\000a\000l\000\040\000C\000h\000o\000i\000c\000e}{section.2}% 7
\BOOKMARK [2][-]{subsection.2.6}{\376\377\000M\000e\000c\000h\000a\000n\000i\000s\000m\000\040\000D\000e\000s\000i\000g\000n}{section.2}% 8
\BOOKMARK [2][-]{subsection.2.7}{\376\377\000F\000a\000i\000r\000\040\000D\000i\000v\000i\000s\000i\000o\000n\000\040\000o\000f\000\040\000I\000n\000d\000i\000v\000i\000s\000i\000b\000l\000e\000\040\000G\000o\000o\000d\000s}{section.2}% 9
\BOOKMARK [2][-]{subsection.2.8}{\376\377\000C\000a\000k\000e\000\040\000C\000u\000t\000t\000i\000n\000g}{section.2}% 10
\BOOKMARK [1][-]{section.3}{\376\377\000G\000i\000o\000c\000h\000i\000\040\000d\000i\000\040\000C\000o\000a\000l\000i\000z\000i\000o\000n\000e\000\040\000e\000\040\000C\000o\000n\000c\000e\000t\000t\000i\000\040\000d\000i\000\040\000S\000o\000l\000u\000z\000i\000o\000n\000e}{}% 11
\BOOKMARK [2][-]{subsubsection.3.0.1}{\376\377\000T\000a\000s\000s\000o\000n\000o\000m\000i\000a\000\040\000d\000e\000i\000\040\000g\000i\000o\000c\000h\000i\000\040\000c\000o\000o\000p\000e\000r\000a\000t\000i\000v\000i}{section.3}% 12
\BOOKMARK [2][-]{subsection.3.1}{\376\377\000C\000o\000n\000c\000e\000t\000t\000i\000\040\000d\000i\000\040\000s\000o\000l\000u\000z\000i\000o\000n\000e}{section.3}% 13
\BOOKMARK [3][-]{subsubsection.3.1.1}{\376\377\000C\000o\000s\000a\000\040\000f\000a\000r\000e\000\040\000q\000u\000a\000n\000d\000o\000\040\000i\000l\000\040\000n\000u\000c\000l\000e\000o\000\040\000\350\000\040\000v\000u\000o\000t\000o\000?}{subsection.3.1}% 14
\BOOKMARK [2][-]{subsection.3.2}{\376\377\000C\000o\000n\000c\000e\000t\000t\000i\000\040\000d\000i\000\040\000s\000o\000l\000u\000z\000i\000o\000n\000e\000\040\000a\000v\000a\000n\000z\000a\000t\000i}{section.3}% 15
\BOOKMARK [3][-]{subsubsection.3.2.1}{\376\377\000N\000u\000c\000l\000e\000o\000l\000u\000s}{subsection.3.2}% 16
\BOOKMARK [2][-]{subsection.3.3}{\376\377\000S\000h\000a\000p\000l\000e\000y\000\040\000V\000a\000l\000u\000e}{section.3}% 17
\BOOKMARK [3][-]{subsubsection.3.3.1}{\376\377\000P\000r\000o\000p\000r\000i\000e\000t\000\340\000\040\000d\000e\000l\000\040\000v\000a\000l\000o\000r\000e\000\040\000d\000i\000\040\000S\000h\000a\000p\000l\000e\000y}{subsection.3.3}% 18
\BOOKMARK [1][-]{section.4}{\376\377\000P\000r\000o\000b\000l\000e\000m\000i\000\040\000c\000o\000n\000\040\000g\000i\000o\000c\000h\000i\000\040\000c\000o\000o\000p\000e\000r\000a\000t\000i\000v\000i}{}% 19
\BOOKMARK [2][-]{subsection.4.1}{\376\377\000I\000l\000\040\000p\000r\000o\000b\000l\000e\000m\000a\000\040\000d\000e\000l\000l\000'\000e\000s\000p\000o\000n\000e\000n\000z\000i\000a\000l\000i\000t\000\340}{section.4}% 20
\BOOKMARK [2][-]{subsection.4.2}{\376\377\000L\000e\000\040\000s\000o\000l\000u\000z\000i\000o\000n\000i\000\040\000c\000o\000m\000p\000a\000t\000t\000e}{section.4}% 21
\BOOKMARK [3][-]{subsubsection.4.2.1}{\376\377\000G\000i\000o\000c\000h\000i\000\040\000s\000u\000i\000\040\000g\000r\000a\000f\000i}{subsection.4.2}% 22
\BOOKMARK [3][-]{subsubsection.4.2.2}{\376\377\000G\000i\000o\000c\000h\000i\000\040\000c\000o\000n\000\040\000c\000o\000n\000t\000r\000i\000b\000u\000z\000i\000o\000n\000e\000\040\000m\000a\000r\000g\000i\000n\000a\000l\000e}{subsection.4.2}% 23
\BOOKMARK [2][-]{subsection.4.3}{\376\377\000G\000i\000o\000c\000h\000i\000\040\000d\000i\000\040\000a\000l\000l\000o\000c\000a\000z\000i\000o\000n\000e}{section.4}% 24
\BOOKMARK [2][-]{subsection.4.4}{\376\377\000G\000i\000o\000c\000h\000i\000\040\000a\000\040\000v\000o\000t\000o\000\040\000p\000e\000s\000a\000t\000o}{section.4}% 25
\BOOKMARK [1][-]{section.5}{\376\377\000C\000l\000a\000s\000s\000i\000\040\000d\000i\000\040\000c\000o\000m\000p\000p\000l\000e\000s\000s\000i\000t\000\340\000\040\000d\000e\000i\000\040\000p\000r\000o\000b\000l\000e\000m\000i}{}% 26
\BOOKMARK [2][-]{subsection.5.1}{\376\377\000P\000r\000o\000b\000l\000e\000m\000i\000\040\000i\000n\000\040\000N\000P}{section.5}% 27
\BOOKMARK [2][-]{subsection.5.2}{\376\377\000P\000r\000o\000b\000l\000e\000m\000i\000\040\000i\000n\000\040\000C\000O\000-\000N\000P}{section.5}% 28
\BOOKMARK [2][-]{subsection.5.3}{\376\377\000L\000a\000\040\000c\000l\000a\000s\000s\000e\000\040\0002\000P}{section.5}% 29
\BOOKMARK [2][-]{subsection.5.4}{\376\377\000O\000l\000t\000r\000e\000\040\000l\000a\000\040\000g\000e\000r\000a\000r\000c\000h\000i\000a}{section.5}% 30
\BOOKMARK [2][-]{subsection.5.5}{\376\377\000C\000o\000r\000e\000\040\000e\000\040\000H\000a\000r\000d\000n\000e\000s\000s}{section.5}% 31
\BOOKMARK [2][-]{subsection.5.6}{\376\377\000N\000u\000c\000l\000e\000o\000l\000u\000s\000\040\000e\000\040\000H\000a\000r\000d\000n\000e\000s\000s}{section.5}% 32
\BOOKMARK [2][-]{subsection.5.7}{\376\377\000N\000u\000c\000l\000e\000o\000l\000u\000s\000\040\000e\000\040\000M\000e\000m\000b\000e\000r\000s\000h\000i\000p}{section.5}% 33
\BOOKMARK [1][-]{section.6}{\376\377\000G\000i\000o\000c\000h\000i\000\040\000c\000o\000n\000\040\000i\000n\000t\000e\000r\000a\000z\000i\000o\000n\000e\000\040\000r\000i\000s\000t\000r\000e\000t\000t\000a}{}% 34
\BOOKMARK [1][-]{section.7}{\376\377\000G\000i\000o\000c\000h\000i\000\040\000C\000o\000m\000p\000e\000t\000i\000t\000i\000v\000i\000\040\000o\000\040\000N\000o\000n\000\040\000C\000o\000o\000p\000e\000r\000a\000t\000i\000v\000i}{}% 35
\BOOKMARK [2][-]{subsection.7.1}{\376\377\000E\000q\000u\000i\000l\000i\000b\000r\000i\000o\000\040\000d\000i\000\040\000N\000a\000s\000h\000\040\000i\000n\000\040\000G\000i\000o\000c\000h\000i\000\040\000P\000u\000r\000i}{section.7}% 36
\BOOKMARK [2][-]{subsection.7.2}{\376\377\000E\000q\000u\000i\000l\000i\000b\000r\000i\000o\000\040\000d\000i\000\040\000N\000a\000s\000h\000\040\000i\000n\000\040\000G\000i\000o\000c\000h\000i\000\040\000G\000r\000a\000f\000i\000c\000i}{section.7}% 37
\BOOKMARK [2][-]{subsection.7.3}{\376\377\000C\000o\000m\000p\000l\000e\000s\000s\000i\000t\000\340\000\040\000C\000o\000m\000p\000u\000t\000a\000z\000i\000o\000n\000a\000l\000e}{section.7}% 38
\BOOKMARK [2][-]{subsection.7.4}{\376\377\000E\000s\000e\000m\000p\000i\000o\000\040\000d\000i\000\040\000E\000q\000u\000i\000l\000i\000b\000r\000i\000o\000\040\000d\000i\000\040\000N\000a\000s\000h}{section.7}% 39
\BOOKMARK [1][-]{section.8}{\376\377\000M\000e\000t\000o\000d\000i\000\040\000d\000i\000\040\000d\000e\000c\000o\000m\000p\000o\000s\000i\000z\000i\000o\000n\000e\000\040\000s\000t\000r\000u\000t\000t\000u\000r\000a\000l\000e\000\040\000e\000\040\000I\000s\000o\000l\000e\000\040\000d\000i\000\040\000t\000r\000a\000c\000c\000i\000a\000b\000i\000l\000i\000t\000y\000\040\000p\000e\000r\000\040\000p\000r\000o\000b\000l\000e\000m\000i\000\040\000N\000P\000-\000H\000a\000r\000d}{}% 40
\BOOKMARK [2][-]{subsection.8.1}{\376\377\000P\000P\000A\000D}{section.8}% 41
\BOOKMARK [2][-]{subsection.8.2}{\376\377\000T\000r\000e\000e\000\040\000D\000e\000c\000o\000m\000p\000o\000s\000i\000t\000i\000o\000n}{section.8}% 42
\BOOKMARK [3][-]{subsubsection.8.2.1}{\376\377\000P\000r\000o\000p\000o\000s\000t\000a\000\040\0001\000:\000\040\000F\000e\000e\000d\000b\000a\000c\000k\000\040\000V\000e\000r\000t\000e\000x\000\040\000N\000u\000m\000b\000e\000r}{subsection.8.2}% 43
\BOOKMARK [3][-]{subsubsection.8.2.2}{\376\377\000P\000r\000o\000p\000o\000s\000t\000a\000\040\0002\000:\000\040\000F\000e\000e\000d\000b\000a\000c\000k\000\040\000E\000d\000g\000e\000\040\000N\000u\000m\000b\000e\000r}{subsection.8.2}% 44
\BOOKMARK [3][-]{subsubsection.8.2.3}{\376\377\000B\000i\000c\000o\000n\000n\000e\000c\000t\000e\000d\000\040\000W\000i\000d\000t\000h}{subsection.8.2}% 45
\BOOKMARK [3][-]{subsubsection.8.2.4}{\376\377\000D\000e\000e\000p\000\040\000d\000i\000v\000e\000\040\000n\000e\000l\000l\000a\000\040\000t\000r\000e\000e\000\040\000d\000e\000c\000o\000m\000p\000o\000s\000i\000t\000i\000o\000n}{subsection.8.2}% 46
\BOOKMARK [3][-]{subsubsection.8.2.5}{\376\377\000R\000o\000b\000b\000e\000r\000\040\000a\000n\000d\000\040\000C\000o\000p\000s\000\040\000G\000a\000m\000e}{subsection.8.2}% 47
\BOOKMARK [3][-]{subsubsection.8.2.6}{\376\377\0003\000\040\000C\000o\000l\000o\000r\000a\000b\000i\000l\000t\000\340\000\040\000c\000o\000n\000\040\000T\000r\000e\000e\000\040\000D\000e\000c\000o\000m\000p\000o\000s\000i\000t\000i\000o\000n}{subsection.8.2}% 48
\BOOKMARK [1][-]{section.9}{\376\377\000I\000n\000t\000r\000o\000d\000u\000z\000i\000o\000n\000e\000\040\000a\000l\000l\000a\000\040\000t\000e\000o\000r\000i\000a\000\040\000d\000e\000l\000l\000'\000u\000t\000i\000l\000i\000t\000\340\000\040\000e\000\040\000d\000e\000c\000i\000s\000i\000o\000n\000\040\000m\000a\000k\000i\000n\000g}{}% 49
\BOOKMARK [2][-]{subsection.9.1}{\376\377\000C\000o\000n\000c\000e\000t\000t\000i\000\040\000d\000i\000\040\000b\000a\000s\000e}{section.9}% 50
\BOOKMARK [3][-]{subsubsection.9.1.1}{\376\377\000A\000L\000T\000E\000R\000N\000A\000T\000I\000V\000E}{subsection.9.1}% 51
\BOOKMARK [3][-]{subsubsection.9.1.2}{\376\377\000P\000R\000E\000F\000E\000R\000E\000N\000Z\000E}{subsection.9.1}% 52
\BOOKMARK [3][-]{subsubsection.9.1.3}{\376\377\000R\000e\000l\000a\000z\000i\000o\000n\000e\000\040\000d\000i\000\040\000P\000r\000e\000f\000e\000r\000e\000n\000z\000a}{subsection.9.1}% 53
\BOOKMARK [3][-]{subsubsection.9.1.4}{\376\377\000R\000a\000p\000p\000r\000e\000s\000e\000n\000t\000a\000r\000e\000\040\000l\000e\000\040\000p\000r\000e\000f\000e\000r\000e\000n\000z\000e\000\040\000c\000o\000m\000e\000\040\000u\000t\000i\000l\000i\000t\000\340}{subsection.9.1}% 54
\BOOKMARK [2][-]{subsection.9.2}{\376\377\000L\000e\000\040\000l\000o\000t\000t\000e\000r\000i\000e}{section.9}% 55
\BOOKMARK [2][-]{subsection.9.3}{\376\377\000U\000t\000i\000l\000i\000t\000\340\000\040\000d\000i\000\040\000V\000o\000n\000\040\000N\000e\000u\000m\000a\000n\000n\000-\000M\000o\000r\000g\000e\000n\000s\000t\000e\000r\000n}{section.9}% 56
\BOOKMARK [2][-]{subsection.9.4}{\376\377\000A\000t\000t\000e\000g\000g\000i\000a\000m\000e\000n\000t\000o\000\040\000v\000e\000r\000s\000o\000\040\000i\000l\000\040\000r\000i\000s\000c\000h\000i\000o}{section.9}% 57
\BOOKMARK [2][-]{subsection.9.5}{\376\377\000A\000p\000p\000l\000i\000c\000a\000z\000i\000o\000n\000i\000:\000\040\000C\000o\000n\000d\000i\000v\000i\000s\000i\000o\000n\000e\000\040\000d\000e\000l\000\040\000r\000i\000s\000c\000h\000i\000o}{section.9}% 58
\BOOKMARK [2][-]{subsection.9.6}{\376\377\000A\000p\000p\000l\000i\000c\000a\000z\000i\000o\000n\000e\000:\000\040\000A\000s\000s\000i\000c\000u\000r\000a\000z\000i\000o\000n\000e}{section.9}% 59
\BOOKMARK [1][-]{section.10}{\376\377\000T\000e\000o\000r\000i\000a\000\040\000d\000e\000i\000\040\000g\000i\000o\000c\000h\000i\000\040\000c\000o\000a\000l\000i\000z\000i\000o\000n\000a\000l\000i}{}% 60
\BOOKMARK [2][-]{subsection.10.1}{\376\377\000S\000u\000p\000e\000r\000a\000d\000d\000i\000t\000i\000v\000i\000t\000\340}{section.10}% 61
\BOOKMARK [2][-]{subsection.10.2}{\376\377\000C\000o\000r\000e\000\040\000o\000\040\000N\000u\000c\000l\000e\000o}{section.10}% 62
\BOOKMARK [2][-]{subsection.10.3}{\376\377\000S\000h\000a\000p\000l\000e\000y\000\040\000V\000a\000l\000u\000e}{section.10}% 63
\BOOKMARK [1][-]{section.11}{\376\377\000P\000r\000o\000b\000l\000e\000m\000i\000\040\000c\000o\000m\000p\000u\000t\000a\000z\000i\000o\000n\000a\000l\000i\000\040\000n\000e\000l\000l\000a\000\040\000t\000e\000o\000r\000i\000a\000\040\000d\000e\000i\000\040\000g\000i\000o\000c\000h\000i\000\040\000c\000o\000a\000l\000i\000z\000i\000o\000n\000a\000l\000i}{}% 64
\BOOKMARK [2][-]{subsection.11.1}{\376\377\000L\000i\000m\000i\000t\000a\000z\000i\000o\000n\000i\000\040\000d\000e\000l\000l\000'\000a\000p\000p\000r\000o\000c\000c\000i\000o\000\040\000N\000a\000i\000v\000e}{section.11}% 65
\BOOKMARK [2][-]{subsection.11.2}{\376\377\000S\000t\000r\000a\000t\000e\000g\000i\000e\000\040\000p\000e\000r\000\040\000i\000\040\000p\000r\000o\000b\000l\000e\000m\000i\000\040\000d\000i\000\040\000c\000o\000m\000p\000u\000t\000a\000z\000i\000o\000n\000e}{section.11}% 66
\BOOKMARK [2][-]{subsection.11.3}{\376\377\000G\000i\000o\000c\000o\000\040\000d\000e\000l\000'\000a\000e\000r\000e\000o\000p\000o\000r\000t\000o\000\040\000|\000\040\000A\000i\000r\000p\000o\000r\000t\000\040\000G\000a\000m\000e}{section.11}% 67
\BOOKMARK [2][-]{subsection.11.4}{\376\377\000A\000p\000p\000r\000o\000s\000s\000i\000m\000a\000z\000i\000o\000n\000e\000\040\000d\000i\000\040\000M\000o\000n\000t\000e\000c\000a\000r\000l\000o}{section.11}% 68
\BOOKMARK [2][-]{subsection.11.5}{\376\377\000R\000a\000p\000p\000r\000e\000s\000e\000n\000t\000a\000z\000i\000o\000n\000i\000\040\000c\000o\000m\000p\000a\000t\000t\000e}{section.11}% 69
\BOOKMARK [2][-]{subsection.11.6}{\376\377\000R\000e\000t\000i\000\040\000d\000i\000\040\000c\000o\000n\000t\000r\000i\000b\000u\000z\000i\000o\000n\000e\000\040\000m\000a\000r\000g\000i\000n\000a\000l\000e\000\040\000|\000M\000C\000-\000N\000e\000t\000s}{section.11}% 70
\BOOKMARK [1][-]{section.12}{\376\377\000N\000o\000n\000-\000c\000o\000o\000p\000e\000r\000a\000t\000i\000v\000e\000\040\000G\000a\000m\000e\000s}{}% 71
\BOOKMARK [2][-]{subsection.12.1}{\376\377\000G\000i\000o\000c\000h\000i\000\040\000s\000t\000r\000a\000t\000e\000g\000i\000a\000\040\000p\000u\000r\000i}{section.12}% 72
\BOOKMARK [3][-]{subsubsection.12.1.1}{\376\377\000D\000i\000l\000e\000m\000m\000a\000\040\000d\000e\000l\000\040\000p\000r\000i\000g\000i\000o\000n\000i\000e\000r\000o}{subsection.12.1}% 73
\BOOKMARK [3][-]{subsubsection.12.1.2}{\376\377\000P\000u\000r\000e\000\040\000C\000o\000o\000r\000d\000i\000n\000a\000t\000i\000o\000n}{subsection.12.1}% 74
\BOOKMARK [3][-]{subsubsection.12.1.3}{\376\377\000B\000a\000t\000t\000l\000e\000\040\000o\000f\000\040\000t\000h\000e\000\040\000S\000e\000x\000e\000s}{subsection.12.1}% 75
\BOOKMARK [3][-]{subsubsection.12.1.4}{\376\377\000M\000a\000t\000c\000h\000i\000n\000g\000\040\000P\000e\000n\000n\000i\000e\000s}{subsection.12.1}% 76
\BOOKMARK [2][-]{subsection.12.2}{\376\377\000S\000t\000r\000a\000t\000e\000g\000i\000e\000\040\000e\000\040\000s\000t\000r\000a\000t\000e\000g\000i\000e\000\040\000m\000i\000s\000t\000e}{section.12}% 77
\BOOKMARK [2][-]{subsection.12.3}{\376\377\000N\000a\000s\000h\000\040\000E\000q\000u\000i\000l\000i\000b\000r\000i\000a}{section.12}% 78
\BOOKMARK [3][-]{subsubsection.12.3.1}{\376\377\000G\000i\000o\000c\000h\000i\000\040\000a\000\040\000S\000o\000m\000m\000a\000-\000Z\000e\000r\000o}{subsection.12.3}% 79
\BOOKMARK [1][-]{section.13}{\376\377\000T\000r\000e\000e\000\040\000D\000e\000c\000o\000m\000p\000o\000s\000i\000t\000i\000o\000n\000s\000\040\000L\000a\000b}{}% 80
\BOOKMARK [2][-]{subsection.13.1}{\376\377\000M\000a\000x\000i\000m\000u\000m\000\040\000I\000n\000d\000e\000p\000e\000n\000d\000e\000n\000t\000\040\000S\000e\000t\000\040\000\050\000M\000I\000S\000\051}{section.13}% 81
\BOOKMARK [3][-]{subsubsection.13.1.1}{\376\377\000L\000'\000a\000l\000g\000o\000r\000i\000t\000m\000o\000\040\000d\000i\000\040\000p\000r\000o\000g\000r\000a\000m\000m\000a\000z\000i\000o\000n\000e\000\040\000d\000i\000n\000a\000m\000i\000c\000a}{subsection.13.1}% 82
\BOOKMARK [2][-]{subsection.13.2}{\376\377\000C\000o\000p\000s\000\040\000e\000\040\000R\000o\000b\000b\000e\000r}{section.13}% 83
\BOOKMARK [2][-]{subsection.13.3}{\376\377\000C\000a\000l\000c\000o\000l\000a\000r\000e\000\040\000l\000a\000\040\000t\000r\000e\000e\000\040\000d\000e\000c\000o\000m\000p\000o\000s\000i\000t\000i\000o\000n}{section.13}% 84
